Arguments: 
  /usr/local/bin/node /usr/local/Cellar/yarn/1.12.3/libexec/bin/yarn.js

PATH: 
  /usr/local/bin:/usr/bin:/bin:/usr/sbin:/sbin

Yarn version: 
  1.12.3

Node version: 
  10.14.0

Platform: 
  darwin x64

Trace: 
  Error: https://registry.yarnpkg.com/aws-sdk/-/aws-sdk-2.389.0.tgz: ENOENT: no such file or directory, open '/Users/tandang/Library/Caches/Yarn/v4/npm-aws-sdk-2.389.0-d1460a44fb96be4f6cf33311f241ea1124080826/node_modules/aws-sdk/.yarn-tarball.tgz'

npm manifest: 
  {
    "version": "1.0.0",
    "dependencies": {
      "bcryptjs": "^2.4.3",
      "bunyan": "^1.8.12",
      "cors": "^2.8.5",
      "express": "^4.16.4",
      "graphql-tag": "^2.10.0",
      "graphql-yoga": "^1.16.7",
      "jsonwebtoken": "^8.3.0",
      "lowdb": "^1.0.0",
      "merge-graphql-schemas": "^1.5.7",
      "mongodb": "^3.1.9",
      "nodemailer": "^4.6.8",
      "nodemailer-plugin-inline-base64": "^2.1.1",
      "shortid": "^2.2.14",
      "validator": "^10.8.0"
    },
    "scripts": {
      "start": "node index.js",
      "dev": "nodemon index.js",
      "test": "standard --fix && ava"
    },
    "lint-staged": {
      "*.js": [
        "npm run test",
        "git add"
      ]
    },
    "devDependencies": {
      "ava": "1.0.0-rc.1",
      "husky": "^1.1.3",
      "lint-staged": "^8.0.4",
      "standard": "^12.0.1"
    },
    "standard": {
      "ignore": [
        "/build/**/*"
      ]
    },
    "ava": {
      "files": [
        "./**/*.test.js"
      ],
      "sources": [
        "**/*.{js}",
        "!dist/**/*"
      ],
      "match": [],
      "cache": true,
      "concurrency": 5,
      "failFast": false,
      "failWithoutAssertions": false,
      "tap": false,
      "verbose": true,
      "color": true,
      "compileEnhancements": false
    },
    "nodemonConfig": {
      "ignore": [
        "/uploads/**/*",
        "db.json"
      ]
    }
  }

yarn manifest: 
  No manifest

Lockfile: 
  No lockfile
